<?xml version="1.0" encoding="UTF-8"?>
<!-- Generated by org.testng.reporters.JUnitReportReporter -->
<testsuite skipped="0" hostname="INBOMLBI0032" name="Runner.TestRunner" tests="1" failures="0" timestamp="02 May 2020 13:08:41 GMT" time="0.270" errors="1">
  <testcase name="feature" time="0.270" classname="Runner.TestRunner">
    <error type="cucumber.runtime.CucumberException" message="cucumber.runtime.CucumberException: Failed to instantiate class StepDefination.NomalModeTest">
      <![CDATA[cucumber.runtime.CucumberException: cucumber.runtime.CucumberException: Failed to instantiate class StepDefination.NomalModeTest
at cucumber.api.testng.TestNGCucumberRunner.runCucumber(TestNGCucumberRunner.java:69)
at Runner.TestRunner.feature(TestRunner.java:38)
at sun.reflect.NativeMethodAccessorImpl.invoke0(Native Method)
at sun.reflect.NativeMethodAccessorImpl.invoke(NativeMethodAccessorImpl.java:62)
at sun.reflect.DelegatingMethodAccessorImpl.invoke(DelegatingMethodAccessorImpl.java:43)
at java.lang.reflect.Method.invoke(Method.java:498)
at org.testng.internal.MethodInvocationHelper.invokeMethod(MethodInvocationHelper.java:124)
at org.testng.internal.Invoker.invokeMethod(Invoker.java:583)
at org.testng.internal.Invoker.invokeTestMethod(Invoker.java:719)
at org.testng.internal.Invoker.invokeTestMethods(Invoker.java:989)
at org.testng.internal.TestMethodWorker.invokeTestMethods(TestMethodWorker.java:125)
at org.testng.internal.TestMethodWorker.run(TestMethodWorker.java:109)
at org.testng.TestRunner.privateRun(TestRunner.java:648)
at org.testng.TestRunner.run(TestRunner.java:505)
at org.testng.SuiteRunner.runTest(SuiteRunner.java:455)
at org.testng.SuiteRunner.runSequentially(SuiteRunner.java:450)
at org.testng.SuiteRunner.privateRun(SuiteRunner.java:415)
at org.testng.SuiteRunner.run(SuiteRunner.java:364)
at org.testng.SuiteRunnerWorker.runSuite(SuiteRunnerWorker.java:52)
at org.testng.SuiteRunnerWorker.run(SuiteRunnerWorker.java:84)
at org.testng.TestNG.runSuitesSequentially(TestNG.java:1208)
at org.testng.TestNG.runSuitesLocally(TestNG.java:1137)
at org.testng.TestNG.runSuites(TestNG.java:1049)
at org.testng.TestNG.run(TestNG.java:1017)
at org.testng.remote.AbstractRemoteTestNG.run(AbstractRemoteTestNG.java:114)
at org.testng.remote.RemoteTestNG.initAndRun(RemoteTestNG.java:251)
at org.testng.remote.RemoteTestNG.main(RemoteTestNG.java:77)
Caused by: cucumber.runtime.CucumberException: Failed to instantiate class StepDefination.NomalModeTest
at cucumber.runtime.java.DefaultJavaObjectFactory.cacheNewInstance(DefaultJavaObjectFactory.java:47)
at cucumber.runtime.java.DefaultJavaObjectFactory.getInstance(DefaultJavaObjectFactory.java:33)
at cucumber.runtime.java.JavaStepDefinition.execute(JavaStepDefinition.java:38)
at cucumber.runtime.StepDefinitionMatch.runStep(StepDefinitionMatch.java:37)
at cucumber.runtime.Runtime.runStep(Runtime.java:300)
at cucumber.runtime.model.StepContainer.runStep(StepContainer.java:44)
at cucumber.runtime.model.StepContainer.runSteps(StepContainer.java:39)
at cucumber.runtime.model.CucumberScenario.run(CucumberScenario.java:44)
at cucumber.runtime.model.CucumberFeature.run(CucumberFeature.java:165)
at cucumber.api.testng.TestNGCucumberRunner.runCucumber(TestNGCucumberRunner.java:63)
... 26 more
Caused by: java.lang.reflect.InvocationTargetException
at sun.reflect.NativeConstructorAccessorImpl.newInstance0(Native Method)
at sun.reflect.NativeConstructorAccessorImpl.newInstance(NativeConstructorAccessorImpl.java:62)
at sun.reflect.DelegatingConstructorAccessorImpl.newInstance(DelegatingConstructorAccessorImpl.java:45)
at java.lang.reflect.Constructor.newInstance(Constructor.java:423)
at cucumber.runtime.java.DefaultJavaObjectFactory.cacheNewInstance(DefaultJavaObjectFactory.java:41)
... 35 more
Caused by: java.lang.StackOverflowError
at Pages.NormalMode.<init>(NormalMode.java:23)
at Pages.NormalMode.<init>(NormalMode.java:23)
at Pages.NormalMode.<init>(NormalMode.java:23)
at Pages.NormalMode.<init>(NormalMode.java:23)
at Pages.NormalMode.<init>(NormalMode.java:23)
at Pages.NormalMode.<init>(NormalMode.java:23)
at Pages.NormalMode.<init>(NormalMode.java:23)
at Pages.NormalMode.<init>(NormalMode.java:23)
at Pages.NormalMode.<init>(NormalMode.java:23)
at Pages.NormalMode.<init>(NormalMode.java:23)
at Pages.NormalMode.<init>(NormalMode.java:23)
at Pages.NormalMode.<init>(NormalMode.java:23)
at Pages.NormalMode.<init>(NormalMode.java:23)
at Pages.NormalMode.<init>(NormalMode.java:23)
at Pages.NormalMode.<init>(NormalMode.java:23)
at Pages.NormalMode.<init>(NormalMode.java:23)
at Pages.NormalMode.<init>(NormalMode.java:23)
at Pages.NormalMode.<init>(NormalMode.java:23)
at Pages.NormalMode.<init>(NormalMode.java:23)
at Pages.NormalMode.<init>(NormalMode.java:23)
at Pages.NormalMode.<init>(NormalMode.java:23)
at Pages.NormalMode.<init>(NormalMode.java:23)
at Pages.NormalMode.<init>(NormalMode.java:23)
at Pages.NormalMode.<init>(NormalMode.java:23)
at Pages.NormalMode.<init>(NormalMode.java:23)
at Pages.NormalMode.<init>(NormalMode.java:23)
at Pages.NormalMode.<init>(NormalMode.java:23)
at Pages.NormalMode.<init>(NormalMode.java:23)
at Pages.NormalMode.<init>(NormalMode.java:23)
at Pages.NormalMode.<init>(NormalMode.java:23)
at Pages.NormalMode.<init>(NormalMode.java:23)
at Pages.NormalMode.<init>(NormalMode.java:23)
at Pages.NormalMode.<init>(NormalMode.java:23)
at Pages.NormalMode.<init>(NormalMode.java:23)
at Pages.NormalMode.<init>(NormalMode.java:23)
at Pages.NormalMode.<init>(NormalMode.java:23)
at Pages.NormalMode.<init>(NormalMode.java:23)
at Pages.NormalMode.<init>(NormalMode.java:23)
at Pages.NormalMode.<init>(NormalMode.java:23)
at Pages.NormalMode.<init>(NormalMode.java:23)
at Pages.NormalMode.<init>(NormalMode.java:23)
at Pages.NormalMode.<init>(NormalMode.java:23)
at Pages.NormalMode.<init>(NormalMode.java:23)
at Pages.NormalMode.<init>(NormalMode.java:23)
at Pages.NormalMode.<init>(NormalMode.java:23)
at Pages.NormalMode.<init>(NormalMode.java:23)
at Pages.NormalMode.<init>(NormalMode.java:23)
at Pages.NormalMode.<init>(NormalMode.java:23)
at Pages.NormalMode.<init>(NormalMode.java:23)
at Pages.NormalMode.<init>(NormalMode.java:23)
at Pages.NormalMode.<init>(NormalMode.java:23)
at Pages.NormalMode.<init>(NormalMode.java:23)
at Pages.NormalMode.<init>(NormalMode.java:23)
at Pages.NormalMode.<init>(NormalMode.java:23)
at Pages.NormalMode.<init>(NormalMode.java:23)
at Pages.NormalMode.<init>(NormalMode.java:23)
at Pages.NormalMode.<init>(NormalMode.java:23)
at Pages.NormalMode.<init>(NormalMode.java:23)
at Pages.NormalMode.<init>(NormalMode.java:23)
at Pages.NormalMode.<init>(NormalMode.java:23)
at Pages.NormalMode.<init>(NormalMode.java:23)
at Pages.NormalMode.<init>(NormalMode.java:23)
at Pages.NormalMode.<init>(NormalMode.java:23)
at Pages.NormalMode.<init>(NormalMode.java:23)
at Pages.NormalMode.<init>(NormalMode.java:23)
at Pages.NormalMode.<init>(NormalMode.java:23)
at Pages.NormalMode.<init>(NormalMode.java:23)
at Pages.NormalMode.<init>(NormalMode.java:23)
at Pages.NormalMode.<init>(NormalMode.java:23)
at Pages.NormalMode.<init>(NormalMode.java:23)
at Pages.NormalMode.<init>(NormalMode.java:23)
at Pages.NormalMode.<init>(NormalMode.java:23)
at Pages.NormalMode.<init>(NormalMode.java:23)
at Pages.NormalMode.<init>(NormalMode.java:23)
at Pages.NormalMode.<init>(NormalMode.java:23)
at Pages.NormalMode.<init>(NormalMode.java:23)
at Pages.NormalMode.<init>(NormalMode.java:23)
at Pages.NormalMode.<init>(NormalMode.java:23)
at Pages.NormalMode.<init>(NormalMode.java:23)
at Pages.NormalMode.<init>(NormalMode.java:23)
at Pages.NormalMode.<init>(NormalMode.java:23)
at Pages.NormalMode.<init>(NormalMode.java:23)
at Pages.NormalMode.<init>(NormalMode.java:23)
at Pages.NormalMode.<init>(NormalMode.java:23)
at Pages.NormalMode.<init>(NormalMode.java:23)
at Pages.NormalMode.<init>(NormalMode.java:23)
at Pages.NormalMode.<init>(NormalMode.java:23)
at Pages.NormalMode.<init>(NormalMode.java:23)
at Pages.NormalMode.<init>(NormalMode.java:23)
at Pages.NormalMode.<init>(NormalMode.java:23)
at Pages.NormalMode.<init>(NormalMode.java:23)
at Pages.NormalMode.<init>(NormalMode.java:23)
at Pages.NormalMode.<init>(NormalMode.java:23)
at Pages.NormalMode.<init>(NormalMode.java:23)
at Pages.NormalMode.<init>(NormalMode.java:23)
at Pages.NormalMode.<init>(NormalMode.java:23)
at Pages.NormalMode.<init>(NormalMode.java:23)
at Pages.NormalMode.<init>(NormalMode.java:23)
at Pages.NormalMode.<init>(NormalMode.java:23)
at Pages.NormalMode.<init>(NormalMode.java:23)
at Pages.NormalMode.<init>(NormalMode.java:23)
at Pages.NormalMode.<init>(NormalMode.java:23)
at Pages.NormalMode.<init>(NormalMode.java:23)
at Pages.NormalMode.<init>(NormalMode.java:23)
at Pages.NormalMode.<init>(NormalMode.java:23)
at Pages.NormalMode.<init>(NormalMode.java:23)
at Pages.NormalMode.<init>(NormalMode.java:23)
at Pages.NormalMode.<init>(NormalMode.java:23)
at Pages.NormalMode.<init>(NormalMode.java:23)
at Pages.NormalMode.<init>(NormalMode.java:23)
at Pages.NormalMode.<init>(NormalMode.java:23)
at Pages.NormalMode.<init>(NormalMode.java:23)
at Pages.NormalMode.<init>(NormalMode.java:23)
at Pages.NormalMode.<init>(NormalMode.java:23)
at Pages.NormalMode.<init>(NormalMode.java:23)
at Pages.NormalMode.<init>(NormalMode.java:23)
at Pages.NormalMode.<init>(NormalMode.java:23)
at Pages.NormalMode.<init>(NormalMode.java:23)
at Pages.NormalMode.<init>(NormalMode.java:23)
at Pages.NormalMode.<init>(NormalMode.java:23)
at Pages.NormalMode.<init>(NormalMode.java:23)
at Pages.NormalMode.<init>(NormalMode.java:23)
at Pages.NormalMode.<init>(NormalMode.java:23)
at Pages.NormalMode.<init>(NormalMode.java:23)
at Pages.NormalMode.<init>(NormalMode.java:23)
at Pages.NormalMode.<init>(NormalMode.java:23)
at Pages.NormalMode.<init>(NormalMode.java:23)
at Pages.NormalMode.<init>(NormalMode.java:23)
at Pages.NormalMode.<init>(NormalMode.java:23)
at Pages.NormalMode.<init>(NormalMode.java:23)
at Pages.NormalMode.<init>(NormalMode.java:23)
at Pages.NormalMode.<init>(NormalMode.java:23)
at Pages.NormalMode.<init>(NormalMode.java:23)
at Pages.NormalMode.<init>(NormalMode.java:23)
at Pages.NormalMode.<init>(NormalMode.java:23)
at Pages.NormalMode.<init>(NormalMode.java:23)
at Pages.NormalMode.<init>(NormalMode.java:23)
at Pages.NormalMode.<init>(NormalMode.java:23)
at Pages.NormalMode.<init>(NormalMode.java:23)
at Pages.NormalMode.<init>(NormalMode.java:23)
at Pages.NormalMode.<init>(NormalMode.java:23)
at Pages.NormalMode.<init>(NormalMode.java:23)
at Pages.NormalMode.<init>(NormalMode.java:23)
at Pages.NormalMode.<init>(NormalMode.java:23)
at Pages.NormalMode.<init>(NormalMode.java:23)
at Pages.NormalMode.<init>(NormalMode.java:23)
at Pages.NormalMode.<init>(NormalMode.java:23)
at Pages.NormalMode.<init>(NormalMode.java:23)
at Pages.NormalMode.<init>(NormalMode.java:23)
at Pages.NormalMode.<init>(NormalMode.java:23)
at Pages.NormalMode.<init>(NormalMode.java:23)
at Pages.NormalMode.<init>(NormalMode.java:23)
at Pages.NormalMode.<init>(NormalMode.java:23)
at Pages.NormalMode.<init>(NormalMode.java:23)
at Pages.NormalMode.<init>(NormalMode.java:23)
at Pages.NormalMode.<init>(NormalMode.java:23)
at Pages.NormalMode.<init>(NormalMode.java:23)
at Pages.NormalMode.<init>(NormalMode.java:23)
at Pages.NormalMode.<init>(NormalMode.java:23)
at Pages.NormalMode.<init>(NormalMode.java:23)
at Pages.NormalMode.<init>(NormalMode.java:23)
at Pages.NormalMode.<init>(NormalMode.java:23)
at Pages.NormalMode.<init>(NormalMode.java:23)
at Pages.NormalMode.<init>(NormalMode.java:23)
at Pages.NormalMode.<init>(NormalMode.java:23)
at Pages.NormalMode.<init>(NormalMode.java:23)
at Pages.NormalMode.<init>(NormalMode.java:23)
at Pages.NormalMode.<init>(NormalMode.java:23)
at Pages.NormalMode.<init>(NormalMode.java:23)
at Pages.NormalMode.<init>(NormalMode.java:23)
at Pages.NormalMode.<init>(NormalMode.java:23)
at Pages.NormalMode.<init>(NormalMode.java:23)
at Pages.NormalMode.<init>(NormalMode.java:23)
at Pages.NormalMode.<init>(NormalMode.java:23)
at Pages.NormalMode.<init>(NormalMode.java:23)
at Pages.NormalMode.<init>(NormalMode.java:23)
at Pages.NormalMode.<init>(NormalMode.java:23)
at Pages.NormalMode.<init>(NormalMode.java:23)
at Pages.NormalMode.<init>(NormalMode.java:23)
at Pages.NormalMode.<init>(NormalMode.java:23)
at Pages.NormalMode.<init>(NormalMode.java:23)
at Pages.NormalMode.<init>(NormalMode.java:23)
at Pages.NormalMode.<init>(NormalMode.java:23)
at Pages.NormalMode.<init>(NormalMode.java:23)
at Pages.NormalMode.<init>(NormalMode.java:23)
at Pages.NormalMode.<init>(NormalMode.java:23)
at Pages.NormalMode.<init>(NormalMode.java:23)
at Pages.NormalMode.<init>(NormalMode.java:23)
at Pages.NormalMode.<init>(NormalMode.java:23)
at Pages.NormalMode.<init>(NormalMode.java:23)
at Pages.NormalMode.<init>(NormalMode.java:23)
at Pages.NormalMode.<init>(NormalMode.java:23)
at Pages.NormalMode.<init>(NormalMode.java:23)
at Pages.NormalMode.<init>(NormalMode.java:23)
at Pages.NormalMode.<init>(NormalMode.java:23)
at Pages.NormalMode.<init>(NormalMode.java:23)
at Pages.NormalMode.<init>(NormalMode.java:23)
at Pages.NormalMode.<init>(NormalMode.java:23)
at Pages.NormalMode.<init>(NormalMode.java:23)
at Pages.NormalMode.<init>(NormalMode.java:23)
at Pages.NormalMode.<init>(NormalMode.java:23)
at Pages.NormalMode.<init>(NormalMode.java:23)
at Pages.NormalMode.<init>(NormalMode.java:23)
at Pages.NormalMode.<init>(NormalMode.java:23)
at Pages.NormalMode.<init>(NormalMode.java:23)
at Pages.NormalMode.<init>(NormalMode.java:23)
at Pages.NormalMode.<init>(NormalMode.java:23)
at Pages.NormalMode.<init>(NormalMode.java:23)
at Pages.NormalMode.<init>(NormalMode.java:23)
at Pages.NormalMode.<init>(NormalMode.java:23)
at Pages.NormalMode.<init>(NormalMode.java:23)
at Pages.NormalMode.<init>(NormalMode.java:23)
at Pages.NormalMode.<init>(NormalMode.java:23)
at Pages.NormalMode.<init>(NormalMode.java:23)
at Pages.NormalMode.<init>(NormalMode.java:23)
at Pages.NormalMode.<init>(NormalMode.java:23)
at Pages.NormalMode.<init>(NormalMode.java:23)
at Pages.NormalMode.<init>(NormalMode.java:23)
at Pages.NormalMode.<init>(NormalMode.java:23)
at Pages.NormalMode.<init>(NormalMode.java:23)
at Pages.NormalMode.<init>(NormalMode.java:23)
at Pages.NormalMode.<init>(NormalMode.java:23)
at Pages.NormalMode.<init>(NormalMode.java:23)
at Pages.NormalMode.<init>(NormalMode.java:23)
at Pages.NormalMode.<init>(NormalMode.java:23)
at Pages.NormalMode.<init>(NormalMode.java:23)
at Pages.NormalMode.<init>(NormalMode.java:23)
at Pages.NormalMode.<init>(NormalMode.java:23)
at Pages.NormalMode.<init>(NormalMode.java:23)
at Pages.NormalMode.<init>(NormalMode.java:23)
at Pages.NormalMode.<init>(NormalMode.java:23)
at Pages.NormalMode.<init>(NormalMode.java:23)
at Pages.NormalMode.<init>(NormalMode.java:23)
at Pages.NormalMode.<init>(NormalMode.java:23)
at Pages.NormalMode.<init>(NormalMode.java:23)
at Pages.NormalMode.<init>(NormalMode.java:23)
at Pages.NormalMode.<init>(NormalMode.java:23)
at Pages.NormalMode.<init>(NormalMode.java:23)
at Pages.NormalMode.<init>(NormalMode.java:23)
at Pages.NormalMode.<init>(NormalMode.java:23)
at Pages.NormalMode.<init>(NormalMode.java:23)
at Pages.NormalMode.<init>(NormalMode.java:23)
at Pages.NormalMode.<init>(NormalMode.java:23)
at Pages.NormalMode.<init>(NormalMode.java:23)
at Pages.NormalMode.<init>(NormalMode.java:23)
at Pages.NormalMode.<init>(NormalMode.java:23)
at Pages.NormalMode.<init>(NormalMode.java:23)
at Pages.NormalMode.<init>(NormalMode.java:23)
at Pages.NormalMode.<init>(NormalMode.java:23)
at Pages.NormalMode.<init>(NormalMode.java:23)
at Pages.NormalMode.<init>(NormalMode.java:23)
at Pages.NormalMode.<init>(NormalMode.java:23)
at Pages.NormalMode.<init>(NormalMode.java:23)
at Pages.NormalMode.<init>(NormalMode.java:23)
at Pages.NormalMode.<init>(NormalMode.java:23)
at Pages.NormalMode.<init>(NormalMode.java:23)
at Pages.NormalMode.<init>(NormalMode.java:23)
at Pages.NormalMode.<init>(NormalMode.java:23)
at Pages.NormalMode.<init>(NormalMode.java:23)
at Pages.NormalMode.<init>(NormalMode.java:23)
at Pages.NormalMode.<init>(NormalMode.java:23)
at Pages.NormalMode.<init>(NormalMode.java:23)
at Pages.NormalMode.<init>(NormalMode.java:23)
at Pages.NormalMode.<init>(NormalMode.java:23)
at Pages.NormalMode.<init>(NormalMode.java:23)
at Pages.NormalMode.<init>(NormalMode.java:23)
at Pages.NormalMode.<init>(NormalMode.java:23)
at Pages.NormalMode.<init>(NormalMode.java:23)
at Pages.NormalMode.<init>(NormalMode.java:23)
at Pages.NormalMode.<init>(NormalMode.java:23)
at Pages.NormalMode.<init>(NormalMode.java:23)
at Pages.NormalMode.<init>(NormalMode.java:23)
at Pages.NormalMode.<init>(NormalMode.java:23)
at Pages.NormalMode.<init>(NormalMode.java:23)
at Pages.NormalMode.<init>(NormalMode.java:23)
at Pages.NormalMode.<init>(NormalMode.java:23)
at Pages.NormalMode.<init>(NormalMode.java:23)
at Pages.NormalMode.<init>(NormalMode.java:23)
at Pages.NormalMode.<init>(NormalMode.java:23)
at Pages.NormalMode.<init>(NormalMode.java:23)
at Pages.NormalMode.<init>(NormalMode.java:23)
at Pages.NormalMode.<init>(NormalMode.java:23)
at Pages.NormalMode.<init>(NormalMode.java:23)
at Pages.NormalMode.<init>(NormalMode.java:23)
at Pages.NormalMode.<init>(NormalMode.java:23)
at Pages.NormalMode.<init>(NormalMode.java:23)
at Pages.NormalMode.<init>(NormalMode.java:23)
at Pages.NormalMode.<init>(NormalMode.java:23)
at Pages.NormalMode.<init>(NormalMode.java:23)
at Pages.NormalMode.<init>(NormalMode.java:23)
at Pages.NormalMode.<init>(NormalMode.java:23)
at Pages.NormalMode.<init>(NormalMode.java:23)
at Pages.NormalMode.<init>(NormalMode.java:23)
at Pages.NormalMode.<init>(NormalMode.java:23)
at Pages.NormalMode.<init>(NormalMode.java:23)
at Pages.NormalMode.<init>(NormalMode.java:23)
at Pages.NormalMode.<init>(NormalMode.java:23)
at Pages.NormalMode.<init>(NormalMode.java:23)
at Pages.NormalMode.<init>(NormalMode.java:23)
at Pages.NormalMode.<init>(NormalMode.java:23)
at Pages.NormalMode.<init>(NormalMode.java:23)
at Pages.NormalMode.<init>(NormalMode.java:23)
at Pages.NormalMode.<init>(NormalMode.java:23)
at Pages.NormalMode.<init>(NormalMode.java:23)
at Pages.NormalMode.<init>(NormalMode.java:23)
at Pages.NormalMode.<init>(NormalMode.java:23)
at Pages.NormalMode.<init>(NormalMode.java:23)
at Pages.NormalMode.<init>(NormalMode.java:23)
at Pages.NormalMode.<init>(NormalMode.java:23)
at Pages.NormalMode.<init>(NormalMode.java:23)
at Pages.NormalMode.<init>(NormalMode.java:23)
at Pages.NormalMode.<init>(NormalMode.java:23)
at Pages.NormalMode.<init>(NormalMode.java:23)
at Pages.NormalMode.<init>(NormalMode.java:23)
at Pages.NormalMode.<init>(NormalMode.java:23)
at Pages.NormalMode.<init>(NormalMode.java:23)
at Pages.NormalMode.<init>(NormalMode.java:23)
at Pages.NormalMode.<init>(NormalMode.java:23)
at Pages.NormalMode.<init>(NormalMode.java:23)
at Pages.NormalMode.<init>(NormalMode.java:23)
at Pages.NormalMode.<init>(NormalMode.java:23)
at Pages.NormalMode.<init>(NormalMode.java:23)
at Pages.NormalMode.<init>(NormalMode.java:23)
at Pages.NormalMode.<init>(NormalMode.java:23)
at Pages.NormalMode.<init>(NormalMode.java:23)
at Pages.NormalMode.<init>(NormalMode.java:23)
at Pages.NormalMode.<init>(NormalMode.java:23)
at Pages.NormalMode.<init>(NormalMode.java:23)
at Pages.NormalMode.<init>(NormalMode.java:23)
at Pages.NormalMode.<init>(NormalMode.java:23)
at Pages.NormalMode.<init>(NormalMode.java:23)
at Pages.NormalMode.<init>(NormalMode.java:23)
at Pages.NormalMode.<init>(NormalMode.java:23)
at Pages.NormalMode.<init>(NormalMode.java:23)
at Pages.NormalMode.<init>(NormalMode.java:23)
at Pages.NormalMode.<init>(NormalMode.java:23)
at Pages.NormalMode.<init>(NormalMode.java:23)
at Pages.NormalMode.<init>(NormalMode.java:23)
at Pages.NormalMode.<init>(NormalMode.java:23)
at Pages.NormalMode.<init>(NormalMode.java:23)
at Pages.NormalMode.<init>(NormalMode.java:23)
at Pages.NormalMode.<init>(NormalMode.java:23)
at Pages.NormalMode.<init>(NormalMode.java:23)
at Pages.NormalMode.<init>(NormalMode.java:23)
at Pages.NormalMode.<init>(NormalMode.java:23)
at Pages.NormalMode.<init>(NormalMode.java:23)
at Pages.NormalMode.<init>(NormalMode.java:23)
at Pages.NormalMode.<init>(NormalMode.java:23)
at Pages.NormalMode.<init>(NormalMode.java:23)
at Pages.NormalMode.<init>(NormalMode.java:23)
at Pages.NormalMode.<init>(NormalMode.java:23)
at Pages.NormalMode.<init>(NormalMode.java:23)
at Pages.NormalMode.<init>(NormalMode.java:23)
at Pages.NormalMode.<init>(NormalMode.java:23)
at Pages.NormalMode.<init>(NormalMode.java:23)
at Pages.NormalMode.<init>(NormalMode.java:23)
at Pages.NormalMode.<init>(NormalMode.java:23)
at Pages.NormalMode.<init>(NormalMode.java:23)
at Pages.NormalMode.<init>(NormalMode.java:23)
at Pages.NormalMode.<init>(NormalMode.java:23)
at Pages.NormalMode.<init>(NormalMode.java:23)
at Pages.NormalMode.<init>(NormalMode.java:23)
at Pages.NormalMode.<init>(NormalMode.java:23)
at Pages.NormalMode.<init>(NormalMode.java:23)
at Pages.NormalMode.<init>(NormalMode.java:23)
at Pages.NormalMode.<init>(NormalMode.java:23)
at Pages.NormalMode.<init>(NormalMode.java:23)
at Pages.NormalMode.<init>(NormalMode.java:23)
at Pages.NormalMode.<init>(NormalMode.java:23)
at Pages.NormalMode.<init>(NormalMode.java:23)
at Pages.NormalMode.<init>(NormalMode.java:23)
at Pages.NormalMode.<init>(NormalMode.java:23)
at Pages.NormalMode.<init>(NormalMode.java:23)
at Pages.NormalMode.<init>(NormalMode.java:23)
at Pages.NormalMode.<init>(NormalMode.java:23)
at Pages.NormalMode.<init>(NormalMode.java:23)
at Pages.NormalMode.<init>(NormalMode.java:23)
at Pages.NormalMode.<init>(NormalMode.java:23)
at Pages.NormalMode.<init>(NormalMode.java:23)
at Pages.NormalMode.<init>(NormalMode.java:23)
at Pages.NormalMode.<init>(NormalMode.java:23)
at Pages.NormalMode.<init>(NormalMode.java:23)
at Pages.NormalMode.<init>(NormalMode.java:23)
at Pages.NormalMode.<init>(NormalMode.java:23)
at Pages.NormalMode.<init>(NormalMode.java:23)
at Pages.NormalMode.<init>(NormalMode.java:23)
at Pages.NormalMode.<init>(NormalMode.java:23)
at Pages.NormalMode.<init>(NormalMode.java:23)
at Pages.NormalMode.<init>(NormalMode.java:23)
at Pages.NormalMode.<init>(NormalMode.java:23)
at Pages.NormalMode.<init>(NormalMode.java:23)
at Pages.NormalMode.<init>(NormalMode.java:23)
at Pages.NormalMode.<init>(NormalMode.java:23)
at Pages.NormalMode.<init>(NormalMode.java:23)
at Pages.NormalMode.<init>(NormalMode.java:23)
at Pages.NormalMode.<init>(NormalMode.java:23)
at Pages.NormalMode.<init>(NormalMode.java:23)
at Pages.NormalMode.<init>(NormalMode.java:23)
at Pages.NormalMode.<init>(NormalMode.java:23)
at Pages.NormalMode.<init>(NormalMode.java:23)
at Pages.NormalMode.<init>(NormalMode.java:23)
at Pages.NormalMode.<init>(NormalMode.java:23)
at Pages.NormalMode.<init>(NormalMode.java:23)
at Pages.NormalMode.<init>(NormalMode.java:23)
at Pages.NormalMode.<init>(NormalMode.java:23)
at Pages.NormalMode.<init>(NormalMode.java:23)
at Pages.NormalMode.<init>(NormalMode.java:23)
at Pages.NormalMode.<init>(NormalMode.java:23)
at Pages.NormalMode.<init>(NormalMode.java:23)
at Pages.NormalMode.<init>(NormalMode.java:23)
at Pages.NormalMode.<init>(NormalMode.java:23)
at Pages.NormalMode.<init>(NormalMode.java:23)
at Pages.NormalMode.<init>(NormalMode.java:23)
at Pages.NormalMode.<init>(NormalMode.java:23)
at Pages.NormalMode.<init>(NormalMode.java:23)
at Pages.NormalMode.<init>(NormalMode.java:23)
at Pages.NormalMode.<init>(NormalMode.java:23)
at Pages.NormalMode.<init>(NormalMode.java:23)
at Pages.NormalMode.<init>(NormalMode.java:23)
at Pages.NormalMode.<init>(NormalMode.java:23)
at Pages.NormalMode.<init>(NormalMode.java:23)
at Pages.NormalMode.<init>(NormalMode.java:23)
at Pages.NormalMode.<init>(NormalMode.java:23)
at Pages.NormalMode.<init>(NormalMode.java:23)
at Pages.NormalMode.<init>(NormalMode.java:23)
at Pages.NormalMode.<init>(NormalMode.java:23)
at Pages.NormalMode.<init>(NormalMode.java:23)
at Pages.NormalMode.<init>(NormalMode.java:23)
at Pages.NormalMode.<init>(NormalMode.java:23)
at Pages.NormalMode.<init>(NormalMode.java:23)
at Pages.NormalMode.<init>(NormalMode.java:23)
at Pages.NormalMode.<init>(NormalMode.java:23)
at Pages.NormalMode.<init>(NormalMode.java:23)
at Pages.NormalMode.<init>(NormalMode.java:23)
at Pages.NormalMode.<init>(NormalMode.java:23)
at Pages.NormalMode.<init>(NormalMode.java:23)
at Pages.NormalMode.<init>(NormalMode.java:23)
at Pages.NormalMode.<init>(NormalMode.java:23)
at Pages.NormalMode.<init>(NormalMode.java:23)
at Pages.NormalMode.<init>(NormalMode.java:23)
at Pages.NormalMode.<init>(NormalMode.java:23)
at Pages.NormalMode.<init>(NormalMode.java:23)
at Pages.NormalMode.<init>(NormalMode.java:23)
at Pages.NormalMode.<init>(NormalMode.java:23)
at Pages.NormalMode.<init>(NormalMode.java:23)
at Pages.NormalMode.<init>(NormalMode.java:23)
at Pages.NormalMode.<init>(NormalMode.java:23)
at Pages.NormalMode.<init>(NormalMode.java:23)
at Pages.NormalMode.<init>(NormalMode.java:23)
at Pages.NormalMode.<init>(NormalMode.java:23)
at Pages.NormalMode.<init>(NormalMode.java:23)
at Pages.NormalMode.<init>(NormalMode.java:23)
at Pages.NormalMode.<init>(NormalMode.java:23)
at Pages.NormalMode.<init>(NormalMode.java:23)
at Pages.NormalMode.<init>(NormalMode.java:23)
at Pages.NormalMode.<init>(NormalMode.java:23)
at Pages.NormalMode.<init>(NormalMode.java:23)
at Pages.NormalMode.<init>(NormalMode.java:23)
at Pages.NormalMode.<init>(NormalMode.java:23)
at Pages.NormalMode.<init>(NormalMode.java:23)
at Pages.NormalMode.<init>(NormalMode.java:23)
at Pages.NormalMode.<init>(NormalMode.java:23)
at Pages.NormalMode.<init>(NormalMode.java:23)
at Pages.NormalMode.<init>(NormalMode.java:23)
at Pages.NormalMode.<init>(NormalMode.java:23)
at Pages.NormalMode.<init>(NormalMode.java:23)
at Pages.NormalMode.<init>(NormalMode.java:23)
at Pages.NormalMode.<init>(NormalMode.java:23)
at Pages.NormalMode.<init>(NormalMode.java:23)
at Pages.NormalMode.<init>(NormalMode.java:23)
at Pages.NormalMode.<init>(NormalMode.java:23)
at Pages.NormalMode.<init>(NormalMode.java:23)
at Pages.NormalMode.<init>(NormalMode.java:23)
at Pages.NormalMode.<init>(NormalMode.java:23)
at Pages.NormalMode.<init>(NormalMode.java:23)
at Pages.NormalMode.<init>(NormalMode.java:23)
at Pages.NormalMode.<init>(NormalMode.java:23)
at Pages.NormalMode.<init>(NormalMode.java:23)
at Pages.NormalMode.<init>(NormalMode.java:23)
at Pages.NormalMode.<init>(NormalMode.java:23)
at Pages.NormalMode.<init>(NormalMode.java:23)
at Pages.NormalMode.<init>(NormalMode.java:23)
at Pages.NormalMode.<init>(NormalMode.java:23)
at Pages.NormalMode.<init>(NormalMode.java:23)
at Pages.NormalMode.<init>(NormalMode.java:23)
at Pages.NormalMode.<init>(NormalMode.java:23)
at Pages.NormalMode.<init>(NormalMode.java:23)
at Pages.NormalMode.<init>(NormalMode.java:23)
at Pages.NormalMode.<init>(NormalMode.java:23)
at Pages.NormalMode.<init>(NormalMode.java:23)
at Pages.NormalMode.<init>(NormalMode.java:23)
at Pages.NormalMode.<init>(NormalMode.java:23)
at Pages.NormalMode.<init>(NormalMode.java:23)
at Pages.NormalMode.<init>(NormalMode.java:23)
at Pages.NormalMode.<init>(NormalMode.java:23)
at Pages.NormalMode.<init>(NormalMode.java:23)
at Pages.NormalMode.<init>(NormalMode.java:23)
at Pages.NormalMode.<init>(NormalMode.java:23)
at Pages.NormalMode.<init>(NormalMode.java:23)
at Pages.NormalMode.<init>(NormalMode.java:23)
at Pages.NormalMode.<init>(NormalMode.java:23)
at Pages.NormalMode.<init>(NormalMode.java:23)
at Pages.NormalMode.<init>(NormalMode.java:23)
at Pages.NormalMode.<init>(NormalMode.java:23)
at Pages.NormalMode.<init>(NormalMode.java:23)
at Pages.NormalMode.<init>(NormalMode.java:23)
at Pages.NormalMode.<init>(NormalMode.java:23)
at Pages.NormalMode.<init>(NormalMode.java:23)
at Pages.NormalMode.<init>(NormalMode.java:23)
at Pages.NormalMode.<init>(NormalMode.java:23)
at Pages.NormalMode.<init>(NormalMode.java:23)
at Pages.NormalMode.<init>(NormalMode.java:23)
at Pages.NormalMode.<init>(NormalMode.java:23)
at Pages.NormalMode.<init>(NormalMode.java:23)
at Pages.NormalMode.<init>(NormalMode.java:23)
at Pages.NormalMode.<init>(NormalMode.java:23)
at Pages.NormalMode.<init>(NormalMode.java:23)
at Pages.NormalMode.<init>(NormalMode.java:23)
at Pages.NormalMode.<init>(NormalMode.java:23)
at Pages.NormalMode.<init>(NormalMode.java:23)
at Pages.NormalMode.<init>(NormalMode.java:23)
at Pages.NormalMode.<init>(NormalMode.java:23)
at Pages.NormalMode.<init>(NormalMode.java:23)
at Pages.NormalMode.<init>(NormalMode.java:23)
at Pages.NormalMode.<init>(NormalMode.java:23)
at Pages.NormalMode.<init>(NormalMode.java:23)
at Pages.NormalMode.<init>(NormalMode.java:23)
at Pages.NormalMode.<init>(NormalMode.java:23)
at Pages.NormalMode.<init>(NormalMode.java:23)
at Pages.NormalMode.<init>(NormalMode.java:23)
at Pages.NormalMode.<init>(NormalMode.java:23)
at Pages.NormalMode.<init>(NormalMode.java:23)
at Pages.NormalMode.<init>(NormalMode.java:23)
at Pages.NormalMode.<init>(NormalMode.java:23)
at Pages.NormalMode.<init>(NormalMode.java:23)
at Pages.NormalMode.<init>(NormalMode.java:23)
at Pages.NormalMode.<init>(NormalMode.java:23)
at Pages.NormalMode.<init>(NormalMode.java:23)
at Pages.NormalMode.<init>(NormalMode.java:23)
at Pages.NormalMode.<init>(NormalMode.java:23)
at Pages.NormalMode.<init>(NormalMode.java:23)
at Pages.NormalMode.<init>(NormalMode.java:23)
at Pages.NormalMode.<init>(NormalMode.java:23)
at Pages.NormalMode.<init>(NormalMode.java:23)
at Pages.NormalMode.<init>(NormalMode.java:23)
at Pages.NormalMode.<init>(NormalMode.java:23)
at Pages.NormalMode.<init>(NormalMode.java:23)
at Pages.NormalMode.<init>(NormalMode.java:23)
at Pages.NormalMode.<init>(NormalMode.java:23)
at Pages.NormalMode.<init>(NormalMode.java:23)
at Pages.NormalMode.<init>(NormalMode.java:23)
at Pages.NormalMode.<init>(NormalMode.java:23)
at Pages.NormalMode.<init>(NormalMode.java:23)
at Pages.NormalMode.<init>(NormalMode.java:23)
at Pages.NormalMode.<init>(NormalMode.java:23)
at Pages.NormalMode.<init>(NormalMode.java:23)
at Pages.NormalMode.<init>(NormalMode.java:23)
at Pages.NormalMode.<init>(NormalMode.java:23)
at Pages.NormalMode.<init>(NormalMode.java:23)
at Pages.NormalMode.<init>(NormalMode.java:23)
at Pages.NormalMode.<init>(NormalMode.java:23)
at Pages.NormalMode.<init>(NormalMode.java:23)
at Pages.NormalMode.<init>(NormalMode.java:23)
at Pages.NormalMode.<init>(NormalMode.java:23)
at Pages.NormalMode.<init>(NormalMode.java:23)
at Pages.NormalMode.<init>(NormalMode.java:23)
at Pages.NormalMode.<init>(NormalMode.java:23)
at Pages.NormalMode.<init>(NormalMode.java:23)
at Pages.NormalMode.<init>(NormalMode.java:23)
at Pages.NormalMode.<init>(NormalMode.java:23)
at Pages.NormalMode.<init>(NormalMode.java:23)
at Pages.NormalMode.<init>(NormalMode.java:23)
at Pages.NormalMode.<init>(NormalMode.java:23)
at Pages.NormalMode.<init>(NormalMode.java:23)
at Pages.NormalMode.<init>(NormalMode.java:23)
at Pages.NormalMode.<init>(NormalMode.java:23)
at Pages.NormalMode.<init>(NormalMode.java:23)
at Pages.NormalMode.<init>(NormalMode.java:23)
at Pages.NormalMode.<init>(NormalMode.java:23)
at Pages.NormalMode.<init>(NormalMode.java:23)
at Pages.NormalMode.<init>(NormalMode.java:23)
at Pages.NormalMode.<init>(NormalMode.java:23)
at Pages.NormalMode.<init>(NormalMode.java:23)
at Pages.NormalMode.<init>(NormalMode.java:23)
at Pages.NormalMode.<init>(NormalMode.java:23)
at Pages.NormalMode.<init>(NormalMode.java:23)
at Pages.NormalMode.<init>(NormalMode.java:23)
at Pages.NormalMode.<init>(NormalMode.java:23)
at Pages.NormalMode.<init>(NormalMode.java:23)
at Pages.NormalMode.<init>(NormalMode.java:23)
at Pages.NormalMode.<init>(NormalMode.java:23)
at Pages.NormalMode.<init>(NormalMode.java:23)
at Pages.NormalMode.<init>(NormalMode.java:23)
at Pages.NormalMode.<init>(NormalMode.java:23)
at Pages.NormalMode.<init>(NormalMode.java:23)
at Pages.NormalMode.<init>(NormalMode.java:23)
at Pages.NormalMode.<init>(NormalMode.java:23)
at Pages.NormalMode.<init>(NormalMode.java:23)
at Pages.NormalMode.<init>(NormalMode.java:23)
at Pages.NormalMode.<init>(NormalMode.java:23)
at Pages.NormalMode.<init>(NormalMode.java:23)
at Pages.NormalMode.<init>(NormalMode.java:23)
at Pages.NormalMode.<init>(NormalMode.java:23)
at Pages.NormalMode.<init>(NormalMode.java:23)
at Pages.NormalMode.<init>(NormalMode.java:23)
at Pages.NormalMode.<init>(NormalMode.java:23)
at Pages.NormalMode.<init>(NormalMode.java:23)
at Pages.NormalMode.<init>(NormalMode.java:23)
at Pages.NormalMode.<init>(NormalMode.java:23)
at Pages.NormalMode.<init>(NormalMode.java:23)
at Pages.NormalMode.<init>(NormalMode.java:23)
at Pages.NormalMode.<init>(NormalMode.java:23)
at Pages.NormalMode.<init>(NormalMode.java:23)
at Pages.NormalMode.<init>(NormalMode.java:23)
at Pages.NormalMode.<init>(NormalMode.java:23)
at Pages.NormalMode.<init>(NormalMode.java:23)
at Pages.NormalMode.<init>(NormalMode.java:23)
at Pages.NormalMode.<init>(NormalMode.java:23)
at Pages.NormalMode.<init>(NormalMode.java:23)
at Pages.NormalMode.<init>(NormalMode.java:23)
at Pages.NormalMode.<init>(NormalMode.java:23)
at Pages.NormalMode.<init>(NormalMode.java:23)
at Pages.NormalMode.<init>(NormalMode.java:23)
at Pages.NormalMode.<init>(NormalMode.java:23)
at Pages.NormalMode.<init>(NormalMode.java:23)
at Pages.NormalMode.<init>(NormalMode.java:23)
at Pages.NormalMode.<init>(NormalMode.java:23)
at Pages.NormalMode.<init>(NormalMode.java:23)
at Pages.NormalMode.<init>(NormalMode.java:23)
at Pages.NormalMode.<init>(NormalMode.java:23)
at Pages.NormalMode.<init>(NormalMode.java:23)
at Pages.NormalMode.<init>(NormalMode.java:23)
at Pages.NormalMode.<init>(NormalMode.java:23)
at Pages.NormalMode.<init>(NormalMode.java:23)
at Pages.NormalMode.<init>(NormalMode.java:23)
at Pages.NormalMode.<init>(NormalMode.java:23)
at Pages.NormalMode.<init>(NormalMode.java:23)
at Pages.NormalMode.<init>(NormalMode.java:23)
at Pages.NormalMode.<init>(NormalMode.java:23)
at Pages.NormalMode.<init>(NormalMode.java:23)
at Pages.NormalMode.<init>(NormalMode.java:23)
at Pages.NormalMode.<init>(NormalMode.java:23)
at Pages.NormalMode.<init>(NormalMode.java:23)
at Pages.NormalMode.<init>(NormalMode.java:23)
at Pages.NormalMode.<init>(NormalMode.java:23)
at Pages.NormalMode.<init>(NormalMode.java:23)
at Pages.NormalMode.<init>(NormalMode.java:23)
at Pages.NormalMode.<init>(NormalMode.java:23)
at Pages.NormalMode.<init>(NormalMode.java:23)
at Pages.NormalMode.<init>(NormalMode.java:23)
at Pages.NormalMode.<init>(NormalMode.java:23)
at Pages.NormalMode.<init>(NormalMode.java:23)
at Pages.NormalMode.<init>(NormalMode.java:23)
at Pages.NormalMode.<init>(NormalMode.java:23)
at Pages.NormalMode.<init>(NormalMode.java:23)
at Pages.NormalMode.<init>(NormalMode.java:23)
at Pages.NormalMode.<init>(NormalMode.java:23)
at Pages.NormalMode.<init>(NormalMode.java:23)
at Pages.NormalMode.<init>(NormalMode.java:23)
at Pages.NormalMode.<init>(NormalMode.java:23)
at Pages.NormalMode.<init>(NormalMode.java:23)
at Pages.NormalMode.<init>(NormalMode.java:23)
at Pages.NormalMode.<init>(NormalMode.java:23)
at Pages.NormalMode.<init>(NormalMode.java:23)
at Pages.NormalMode.<init>(NormalMode.java:23)
at Pages.NormalMode.<init>(NormalMode.java:23)
at Pages.NormalMode.<init>(NormalMode.java:23)
at Pages.NormalMode.<init>(NormalMode.java:23)
at Pages.NormalMode.<init>(NormalMode.java:23)
at Pages.NormalMode.<init>(NormalMode.java:23)
at Pages.NormalMode.<init>(NormalMode.java:23)
at Pages.NormalMode.<init>(NormalMode.java:23)
at Pages.NormalMode.<init>(NormalMode.java:23)
at Pages.NormalMode.<init>(NormalMode.java:23)
at Pages.NormalMode.<init>(NormalMode.java:23)
at Pages.NormalMode.<init>(NormalMode.java:23)
at Pages.NormalMode.<init>(NormalMode.java:23)
at Pages.NormalMode.<init>(NormalMode.java:23)
at Pages.NormalMode.<init>(NormalMode.java:23)
at Pages.NormalMode.<init>(NormalMode.java:23)
at Pages.NormalMode.<init>(NormalMode.java:23)
at Pages.NormalMode.<init>(NormalMode.java:23)
at Pages.NormalMode.<init>(NormalMode.java:23)
at Pages.NormalMode.<init>(NormalMode.java:23)
at Pages.NormalMode.<init>(NormalMode.java:23)
at Pages.NormalMode.<init>(NormalMode.java:23)
at Pages.NormalMode.<init>(NormalMode.java:23)
at Pages.NormalMode.<init>(NormalMode.java:23)
at Pages.NormalMode.<init>(NormalMode.java:23)
at Pages.NormalMode.<init>(NormalMode.java:23)
at Pages.NormalMode.<init>(NormalMode.java:23)
at Pages.NormalMode.<init>(NormalMode.java:23)
at Pages.NormalMode.<init>(NormalMode.java:23)
at Pages.NormalMode.<init>(NormalMode.java:23)
at Pages.NormalMode.<init>(NormalMode.java:23)
at Pages.NormalMode.<init>(NormalMode.java:23)
at Pages.NormalMode.<init>(NormalMode.java:23)
at Pages.NormalMode.<init>(NormalMode.java:23)
at Pages.NormalMode.<init>(NormalMode.java:23)
at Pages.NormalMode.<init>(NormalMode.java:23)
at Pages.NormalMode.<init>(NormalMode.java:23)
at Pages.NormalMode.<init>(NormalMode.java:23)
at Pages.NormalMode.<init>(NormalMode.java:23)
at Pages.NormalMode.<init>(NormalMode.java:23)
at Pages.NormalMode.<init>(NormalMode.java:23)
at Pages.NormalMode.<init>(NormalMode.java:23)
at Pages.NormalMode.<init>(NormalMode.java:23)
at Pages.NormalMode.<init>(NormalMode.java:23)
at Pages.NormalMode.<init>(NormalMode.java:23)
at Pages.NormalMode.<init>(NormalMode.java:23)
at Pages.NormalMode.<init>(NormalMode.java:23)
at Pages.NormalMode.<init>(NormalMode.java:23)
at Pages.NormalMode.<init>(NormalMode.java:23)
at Pages.NormalMode.<init>(NormalMode.java:23)
at Pages.NormalMode.<init>(NormalMode.java:23)
at Pages.NormalMode.<init>(NormalMode.java:23)
at Pages.NormalMode.<init>(NormalMode.java:23)
at Pages.NormalMode.<init>(NormalMode.java:23)
at Pages.NormalMode.<init>(NormalMode.java:23)
at Pages.NormalMode.<init>(NormalMode.java:23)
at Pages.NormalMode.<init>(NormalMode.java:23)
at Pages.NormalMode.<init>(NormalMode.java:23)
at Pages.NormalMode.<init>(NormalMode.java:23)
at Pages.NormalMode.<init>(NormalMode.java:23)
at Pages.NormalMode.<init>(NormalMode.java:23)
at Pages.NormalMode.<init>(NormalMode.java:23)
at Pages.NormalMode.<init>(NormalMode.java:23)
at Pages.NormalMode.<init>(NormalMode.java:23)
at Pages.NormalMode.<init>(NormalMode.java:23)
at Pages.NormalMode.<init>(NormalMode.java:23)
at Pages.NormalMode.<init>(NormalMode.java:23)
at Pages.NormalMode.<init>(NormalMode.java:23)
at Pages.NormalMode.<init>(NormalMode.java:23)
at Pages.NormalMode.<init>(NormalMode.java:23)
at Pages.NormalMode.<init>(NormalMode.java:23)
at Pages.NormalMode.<init>(NormalMode.java:23)
at Pages.NormalMode.<init>(NormalMode.java:23)
at Pages.NormalMode.<init>(NormalMode.java:23)
at Pages.NormalMode.<init>(NormalMode.java:23)
at Pages.NormalMode.<init>(NormalMode.java:23)
at Pages.NormalMode.<init>(NormalMode.java:23)
at Pages.NormalMode.<init>(NormalMode.java:23)
at Pages.NormalMode.<init>(NormalMode.java:23)
at Pages.NormalMode.<init>(NormalMode.java:23)
at Pages.NormalMode.<init>(NormalMode.java:23)
at Pages.NormalMode.<init>(NormalMode.java:23)
at Pages.NormalMode.<init>(NormalMode.java:23)
at Pages.NormalMode.<init>(NormalMode.java:23)
at Pages.NormalMode.<init>(NormalMode.java:23)
at Pages.NormalMode.<init>(NormalMode.java:23)
at Pages.NormalMode.<init>(NormalMode.java:23)
at Pages.NormalMode.<init>(NormalMode.java:23)
at Pages.NormalMode.<init>(NormalMode.java:23)
at Pages.NormalMode.<init>(NormalMode.java:23)
at Pages.NormalMode.<init>(NormalMode.java:23)
at Pages.NormalMode.<init>(NormalMode.java:23)
at Pages.NormalMode.<init>(NormalMode.java:23)
at Pages.NormalMode.<init>(NormalMode.java:23)
at Pages.NormalMode.<init>(NormalMode.java:23)
at Pages.NormalMode.<init>(NormalMode.java:23)
at Pages.NormalMode.<init>(NormalMode.java:23)
at Pages.NormalMode.<init>(NormalMode.java:23)
at Pages.NormalMode.<init>(NormalMode.java:23)
at Pages.NormalMode.<init>(NormalMode.java:23)
at Pages.NormalMode.<init>(NormalMode.java:23)
at Pages.NormalMode.<init>(NormalMode.java:23)
at Pages.NormalMode.<init>(NormalMode.java:23)
at Pages.NormalMode.<init>(NormalMode.java:23)
at Pages.NormalMode.<init>(NormalMode.java:23)
at Pages.NormalMode.<init>(NormalMode.java:23)
at Pages.NormalMode.<init>(NormalMode.java:23)
at Pages.NormalMode.<init>(NormalMode.java:23)
at Pages.NormalMode.<init>(NormalMode.java:23)
at Pages.NormalMode.<init>(NormalMode.java:23)
at Pages.NormalMode.<init>(NormalMode.java:23)
at Pages.NormalMode.<init>(NormalMode.java:23)
at Pages.NormalMode.<init>(NormalMode.java:23)
at Pages.NormalMode.<init>(NormalMode.java:23)
at Pages.NormalMode.<init>(NormalMode.java:23)
at Pages.NormalMode.<init>(NormalMode.java:23)
at Pages.NormalMode.<init>(NormalMode.java:23)
at Pages.NormalMode.<init>(NormalMode.java:23)
at Pages.NormalMode.<init>(NormalMode.java:23)
at Pages.NormalMode.<init>(NormalMode.java:23)
at Pages.NormalMode.<init>(NormalMode.java:23)
at Pages.NormalMode.<init>(NormalMode.java:23)
at Pages.NormalMode.<init>(NormalMode.java:23)
at Pages.NormalMode.<init>(NormalMode.java:23)
at Pages.NormalMode.<init>(NormalMode.java:23)
at Pages.NormalMode.<init>(NormalMode.java:23)
at Pages.NormalMode.<init>(NormalMode.java:23)
at Pages.NormalMode.<init>(NormalMode.java:23)
at Pages.NormalMode.<init>(NormalMode.java:23)
at Pages.NormalMode.<init>(NormalMode.java:23)
at Pages.NormalMode.<init>(NormalMode.java:23)
at Pages.NormalMode.<init>(NormalMode.java:23)
at Pages.NormalMode.<init>(NormalMode.java:23)
at Pages.NormalMode.<init>(NormalMode.java:23)
at Pages.NormalMode.<init>(NormalMode.java:23)
at Pages.NormalMode.<init>(NormalMode.java:23)
at Pages.NormalMode.<init>(NormalMode.java:23)
at Pages.NormalMode.<init>(NormalMode.java:23)
at Pages.NormalMode.<init>(NormalMode.java:23)
at Pages.NormalMode.<init>(NormalMode.java:23)
at Pages.NormalMode.<init>(NormalMode.java:23)
at Pages.NormalMode.<init>(NormalMode.java:23)
at Pages.NormalMode.<init>(NormalMode.java:23)
at Pages.NormalMode.<init>(NormalMode.java:23)
at Pages.NormalMode.<init>(NormalMode.java:23)
at Pages.NormalMode.<init>(NormalMode.java:23)
at Pages.NormalMode.<init>(NormalMode.java:23)
at Pages.NormalMode.<init>(NormalMode.java:23)
at Pages.NormalMode.<init>(NormalMode.java:23)
at Pages.NormalMode.<init>(NormalMode.java:23)
at Pages.NormalMode.<init>(NormalMode.java:23)
at Pages.NormalMode.<init>(NormalMode.java:23)
at Pages.NormalMode.<init>(NormalMode.java:23)
at Pages.NormalMode.<init>(NormalMode.java:23)
at Pages.NormalMode.<init>(NormalMode.java:23)
at Pages.NormalMode.<init>(NormalMode.java:23)
at Pages.NormalMode.<init>(NormalMode.java:23)
at Pages.NormalMode.<init>(NormalMode.java:23)
at Pages.NormalMode.<init>(NormalMode.java:23)
at Pages.NormalMode.<init>(NormalMode.java:23)
at Pages.NormalMode.<init>(NormalMode.java:23)
at Pages.NormalMode.<init>(NormalMode.java:23)
at Pages.NormalMode.<init>(NormalMode.java:23)
at Pages.NormalMode.<init>(NormalMode.java:23)
at Pages.NormalMode.<init>(NormalMode.java:23)
at Pages.NormalMode.<init>(NormalMode.java:23)
at Pages.NormalMode.<init>(NormalMode.java:23)
at Pages.NormalMode.<init>(NormalMode.java:23)
at Pages.NormalMode.<init>(NormalMode.java:23)
at Pages.NormalMode.<init>(NormalMode.java:23)
at Pages.NormalMode.<init>(NormalMode.java:23)
at Pages.NormalMode.<init>(NormalMode.java:23)
at Pages.NormalMode.<init>(NormalMode.java:23)
at Pages.NormalMode.<init>(NormalMode.java:23)
at Pages.NormalMode.<init>(NormalMode.java:23)
at Pages.NormalMode.<init>(NormalMode.java:23)
at Pages.NormalMode.<init>(NormalMode.java:23)
at Pages.NormalMode.<init>(NormalMode.java:23)
at Pages.NormalMode.<init>(NormalMode.java:23)
at Pages.NormalMode.<init>(NormalMode.java:23)
at Pages.NormalMode.<init>(NormalMode.java:23)
at Pages.NormalMode.<init>(NormalMode.java:23)
at Pages.NormalMode.<init>(NormalMode.java:23)
at Pages.NormalMode.<init>(NormalMode.java:23)
at Pages.NormalMode.<init>(NormalMode.java:23)
at Pages.NormalMode.<init>(NormalMode.java:23)
at Pages.NormalMode.<init>(NormalMode.java:23)
at Pages.NormalMode.<init>(NormalMode.java:23)
at Pages.NormalMode.<init>(NormalMode.java:23)
at Pages.NormalMode.<init>(NormalMode.java:23)
at Pages.NormalMode.<init>(NormalMode.java:23)
at Pages.NormalMode.<init>(NormalMode.java:23)
at Pages.NormalMode.<init>(NormalMode.java:23)
at Pages.NormalMode.<init>(NormalMode.java:23)
at Pages.NormalMode.<init>(NormalMode.java:23)
at Pages.NormalMode.<init>(NormalMode.java:23)
at Pages.NormalMode.<init>(NormalMode.java:23)
at Pages.NormalMode.<init>(NormalMode.java:23)
at Pages.NormalMode.<init>(NormalMode.java:23)
at Pages.NormalMode.<init>(NormalMode.java:23)
at Pages.NormalMode.<init>(NormalMode.java:23)
at Pages.NormalMode.<init>(NormalMode.java:23)
at Pages.NormalMode.<init>(NormalMode.java:23)
at Pages.NormalMode.<init>(NormalMode.java:23)
at Pages.NormalMode.<init>(NormalMode.java:23)
at Pages.NormalMode.<init>(NormalMode.java:23)
at Pages.NormalMode.<init>(NormalMode.java:23)
at Pages.NormalMode.<init>(NormalMode.java:23)
at Pages.NormalMode.<init>(NormalMode.java:23)
at Pages.NormalMode.<init>(NormalMode.java:23)
at Pages.NormalMode.<init>(NormalMode.java:23)
at Pages.NormalMode.<init>(NormalMode.java:23)
at Pages.NormalMode.<init>(NormalMode.java:23)
at Pages.NormalMode.<init>(NormalMode.java:23)
at Pages.NormalMode.<init>(NormalMode.java:23)
at Pages.NormalMode.<init>(NormalMode.java:23)
at Pages.NormalMode.<init>(NormalMode.java:23)
at Pages.NormalMode.<init>(NormalMode.java:23)
at Pages.NormalMode.<init>(NormalMode.java:23)
at Pages.NormalMode.<init>(NormalMode.java:23)
at Pages.NormalMode.<init>(NormalMode.java:23)
at Pages.NormalMode.<init>(NormalMode.java:23)
at Pages.NormalMode.<init>(NormalMode.java:23)
at Pages.NormalMode.<init>(NormalMode.java:23)
at Pages.NormalMode.<init>(NormalMode.java:23)
at Pages.NormalMode.<init>(NormalMode.java:23)
at Pages.NormalMode.<init>(NormalMode.java:23)
at Pages.NormalMode.<init>(NormalMode.java:23)
at Pages.NormalMode.<init>(NormalMode.java:23)
at Pages.NormalMode.<init>(NormalMode.java:23)
at Pages.NormalMode.<init>(NormalMode.java:23)
at Pages.NormalMode.<init>(NormalMode.java:23)
at Pages.NormalMode.<init>(NormalMode.java:23)
at Pages.NormalMode.<init>(NormalMode.java:23)
at Pages.NormalMode.<init>(NormalMode.java:23)
at Pages.NormalMode.<init>(NormalMode.java:23)
at Pages.NormalMode.<init>(NormalMode.java:23)
at Pages.NormalMode.<init>(NormalMode.java:23)
at Pages.NormalMode.<init>(NormalMode.java:23)
at Pages.NormalMode.<init>(NormalMode.java:23)
at Pages.NormalMode.<init>(NormalMode.java:23)
at Pages.NormalMode.<init>(NormalMode.java:23)
at Pages.NormalMode.<init>(NormalMode.java:23)
at Pages.NormalMode.<init>(NormalMode.java:23)
at Pages.NormalMode.<init>(NormalMode.java:23)
at Pages.NormalMode.<init>(NormalMode.java:23)
at Pages.NormalMode.<init>(NormalMode.java:23)
at Pages.NormalMode.<init>(NormalMode.java:23)
at Pages.NormalMode.<init>(NormalMode.java:23)
at Pages.NormalMode.<init>(NormalMode.java:23)
at Pages.NormalMode.<init>(NormalMode.java:23)
at Pages.NormalMode.<init>(NormalMode.java:23)
at Pages.NormalMode.<init>(NormalMode.java:23)
at Pages.NormalMode.<init>(NormalMode.java:23)
at Pages.NormalMode.<init>(NormalMode.java:23)
at Pages.NormalMode.<init>(NormalMode.java:23)
at Pages.NormalMode.<init>(NormalMode.java:23)
at Pages.NormalMode.<init>(NormalMode.java:23)
at Pages.NormalMode.<init>(NormalMode.java:23)
at Pages.NormalMode.<init>(NormalMode.java:23)
at Pages.NormalMode.<init>(NormalMode.java:23)
at Pages.NormalMode.<init>(NormalMode.java:23)
at Pages.NormalMode.<init>(NormalMode.java:23)
at Pages.NormalMode.<init>(NormalMode.java:23)
at Pages.NormalMode.<init>(NormalMode.java:23)
at Pages.NormalMode.<init>(NormalMode.java:23)
at Pages.NormalMode.<init>(NormalMode.java:23)
at Pages.NormalMode.<init>(NormalMode.java:23)
at Pages.NormalMode.<init>(NormalMode.java:23)
at Pages.NormalMode.<init>(NormalMode.java:23)
at Pages.NormalMode.<init>(NormalMode.java:23)
at Pages.NormalMode.<init>(NormalMode.java:23)
at Pages.NormalMode.<init>(NormalMode.java:23)
at Pages.NormalMode.<init>(NormalMode.java:23)
at Pages.NormalMode.<init>(NormalMode.java:23)
at Pages.NormalMode.<init>(NormalMode.java:23)
at Pages.NormalMode.<init>(NormalMode.java:23)
at Pages.NormalMode.<init>(NormalMode.java:23)
at Pages.NormalMode.<init>(NormalMode.java:23)
at Pages.NormalMode.<init>(NormalMode.java:23)
at Pages.NormalMode.<init>(NormalMode.java:23)
at Pages.NormalMode.<init>(NormalMode.java:23)
at Pages.NormalMode.<init>(NormalMode.java:23)
at Pages.NormalMode.<init>(NormalMode.java:23)
at Pages.NormalMode.<init>(NormalMode.java:23)
at Pages.NormalMode.<init>(NormalMode.java:23)
at Pages.NormalMode.<init>(NormalMode.java:23)
at Pages.NormalMode.<init>(NormalMode.java:23)
at Pages.NormalMode.<init>(NormalMode.java:23)
at Pages.NormalMode.<init>(NormalMode.java:23)
at Pages.NormalMode.<init>(NormalMode.java:23)
at Pages.NormalMode.<init>(NormalMode.java:23)
at Pages.NormalMode.<init>(NormalMode.java:23)
at Pages.NormalMode.<init>(NormalMode.java:23)
at Pages.NormalMode.<init>(NormalMode.java:23)
at Pages.NormalMode.<init>(NormalMode.java:23)
at Pages.NormalMode.<init>(NormalMode.java:23)
at Pages.NormalMode.<init>(NormalMode.java:23)
at Pages.NormalMode.<init>(NormalMode.java:23)
at Pages.NormalMode.<init>(NormalMode.java:23)
at Pages.NormalMode.<init>(NormalMode.java:23)
at Pages.NormalMode.<init>(NormalMode.java:23)
at Pages.NormalMode.<init>(NormalMode.java:23)
at Pages.NormalMode.<init>(NormalMode.java:23)
at Pages.NormalMode.<init>(NormalMode.java:23)
at Pages.NormalMode.<init>(NormalMode.java:23)
at Pages.NormalMode.<init>(NormalMode.java:23)
at Pages.NormalMode.<init>(NormalMode.java:23)
at Pages.NormalMode.<init>(NormalMode.java:23)
at Pages.NormalMode.<init>(NormalMode.java:23)
at Pages.NormalMode.<init>(NormalMode.java:23)
at Pages.NormalMode.<init>(NormalMode.java:23)
at Pages.NormalMode.<init>(NormalMode.java:23)
at Pages.NormalMode.<init>(NormalMode.java:23)
at Pages.NormalMode.<init>(NormalMode.java:23)
at Pages.NormalMode.<init>(NormalMode.java:23)
at Pages.NormalMode.<init>(NormalMode.java:23)
at Pages.NormalMode.<init>(NormalMode.java:23)
at Pages.NormalMode.<init>(NormalMode.java:23)
at Pages.NormalMode.<init>(NormalMode.java:23)
at Pages.NormalMode.<init>(NormalMode.java:23)
at Pages.NormalMode.<init>(NormalMode.java:23)
at Pages.NormalMode.<init>(NormalMode.java:23)
at Pages.NormalMode.<init>(NormalMode.java:23)
at Pages.NormalMode.<init>(NormalMode.java:23)
at Pages.NormalMode.<init>(NormalMode.java:23)
at Pages.NormalMode.<init>(NormalMode.java:23)
at Pages.NormalMode.<init>(NormalMode.java:23)
at Pages.NormalMode.<init>(NormalMode.java:23)
at Pages.NormalMode.<init>(NormalMode.java:23)
at Pages.NormalMode.<init>(NormalMode.java:23)
at Pages.NormalMode.<init>(NormalMode.java:23)
at Pages.NormalMode.<init>(NormalMode.java:23)
at Pages.NormalMode.<init>(NormalMode.java:23)
at Pages.NormalMode.<init>(NormalMode.java:23)
at Pages.NormalMode.<init>(NormalMode.java:23)
at Pages.NormalMode.<init>(NormalMode.java:23)
at Pages.NormalMode.<init>(NormalMode.java:23)
at Pages.NormalMode.<init>(NormalMode.java:23)
at Pages.NormalMode.<init>(NormalMode.java:23)
at Pages.NormalMode.<init>(NormalMode.java:23)
at Pages.NormalMode.<init>(NormalMode.java:23)
at Pages.NormalMode.<init>(NormalMode.java:23)
at Pages.NormalMode.<init>(NormalMode.java:23)
at Pages.NormalMode.<init>(NormalMode.java:23)
at Pages.NormalMode.<init>(NormalMode.java:23)
at Pages.NormalMode.<init>(NormalMode.java:23)
at Pages.NormalMode.<init>(NormalMode.java:23)
at Pages.NormalMode.<init>(NormalMode.java:23)
at Pages.NormalMode.<init>(NormalMode.java:23)
at Pages.NormalMode.<init>(NormalMode.java:23)
at Pages.NormalMode.<init>(NormalMode.java:23)
at Pages.NormalMode.<init>(NormalMode.java:23)
at Pages.NormalMode.<init>(NormalMode.java:23)
at Pages.NormalMode.<init>(NormalMode.java:23)
at Pages.NormalMode.<init>(NormalMode.java:23)
at Pages.NormalMode.<init>(NormalMode.java:23)
at Pages.NormalMode.<init>(NormalMode.java:23)
at Pages.NormalMode.<init>(NormalMode.java:23)
at Pages.NormalMode.<init>(NormalMode.java:23)
]]>
    </error>
  </testcase> <!-- feature -->
</testsuite> <!-- Runner.TestRunner -->
